<?xml version="1.0" encoding="UTF-8"?>
<!-- Generated by org.testng.reporters.JUnitXMLReporter -->
<testsuite hostname="Rayhans-MBP.fios-router.home" ignored="0" name="BasicAuthTest" tests="2" failures="0" timestamp="2022-03-09T01:51:10 EST" time="5.758" errors="0">
  <testcase name="checkingPageTitleAfterAuthenticationPopUpHandleTest" time="0.013" classname="capitolis.qa.basicauth.BasicAuth"/>
  <testcase name="authenticationPopUpValidationTest" time="0.115" classname="capitolis.qa.basicauth.BasicAuth"/>
</testsuite> <!-- BasicAuthTest -->
