<?xml version="1.0" encoding="UTF-8"?>
<!-- Generated by org.testng.reporters.JUnitXMLReporter -->
<testsuite hostname="Rayhans-MBP.fios-router.home" ignored="0" name="FrameTest" tests="22" failures="0" timestamp="2022-03-13T22:03:33 EDT" time="722.126" errors="0">
  <testcase name="checKBoxButtonTest" time="30.414" classname="capitolis.qa.checkbox.CheckBoxes"/>
  <testcase name="checkBox1WithoutSelectTest" time="30.487" classname="capitolis.qa.checkbox.CheckBoxes"/>
  <testcase name="checkBox2WithSelectTest" time="30.391" classname="capitolis.qa.checkbox.CheckBoxes"/>
  <testcase name="checkBox1WithSelectTest" time="30.495" classname="capitolis.qa.checkbox.CheckBoxes"/>
  <testcase name="checkBox2WithoutSelectTest" time="30.586" classname="capitolis.qa.checkbox.CheckBoxes"/>
  <testcase name="basicAuthButtonTest" time="30.311" classname="capitolis.qa.basicauth.BasicAuth"/>
  <testcase name="authenticationPopUpHandleTest" time="30.589" classname="capitolis.qa.basicauth.BasicAuth"/>
  <testcase name="validationAfterPopUpHandleTest" time="35.628" classname="capitolis.qa.basicauth.BasicAuth"/>
  <testcase name="framesButtonTest" time="30.228" classname="capitolis.qa.frames.Frames"/>
  <testcase name="iFramesButtonTest" time="61.113" classname="capitolis.qa.frames.Frames"/>
  <testcase name="clearTextBox" time="91.151" classname="capitolis.qa.frames.Frames"/>
  <testcase name="nameInTextBox" time="91.225" classname="capitolis.qa.frames.Frames"/>
  <testcase name="dynamicControlsButtonTest" time="30.297" classname="capitolis.qa.dynamiccontrols.DynamicControls"/>
  <testcase name="aCheckBoxCheckedTest" time="30.381" classname="capitolis.qa.dynamiccontrols.DynamicControls"/>
  <testcase name="removeButtonTest" time="30.487" classname="capitolis.qa.dynamiccontrols.DynamicControls"/>
  <testcase name="messageAfterClickOnRemoveTest" time="38.525" classname="capitolis.qa.dynamiccontrols.DynamicControls"/>
  <testcase name="jQueryUIMenusButtonTest" time="0.341" classname="capitolis.qa.jqueryuimenus.JQUeryUIMenus"/>
  <testcase name="chooseEnabledTest" time="0.485" classname="capitolis.qa.jqueryuimenus.JQUeryUIMenus"/>
  <testcase name="chooseDownloadsTest" time="1.12" classname="capitolis.qa.jqueryuimenus.JQUeryUIMenus"/>
  <testcase name="chooseExcelTest" time="6.258" classname="capitolis.qa.jqueryuimenus.JQUeryUIMenus"/>
  <testcase name="excelFileValidationTest" time="6.266" classname="capitolis.qa.jqueryuimenus.JQUeryUIMenus"/>
  <testcase name="taxValueTest" time="6.686" classname="capitolis.qa.jqueryuimenus.JQUeryUIMenus"/>
</testsuite> <!-- FrameTest -->
