<?xml version="1.0" encoding="UTF-8"?>
<!-- Generated by org.testng.reporters.JUnitXMLReporter -->
<testsuite hostname="Rayhans-MBP.fios-router.home" ignored="5" name="FrameTest" tests="1" failures="0" timestamp="2022-03-13T16:25:37 EDT" time="11.255" errors="0">
  <testcase name="taxValueTest" time="6.858" classname="capitolis.qa.jqueryuimenus.JQUeryUIMenus"/>
  <testcase name="jQueryUIMenusButtonTest" time="0.0" classname="capitolis.qa.jqueryuimenus.JQUeryUIMenus">
    <ignored/>
  </testcase> <!-- jQueryUIMenusButtonTest -->
  <testcase name="chooseExcelTest" time="0.0" classname="capitolis.qa.jqueryuimenus.JQUeryUIMenus">
    <ignored/>
  </testcase> <!-- chooseExcelTest -->
  <testcase name="chooseDownloadsTest" time="0.0" classname="capitolis.qa.jqueryuimenus.JQUeryUIMenus">
    <ignored/>
  </testcase> <!-- chooseDownloadsTest -->
  <testcase name="excelFileValidationTest" time="0.0" classname="capitolis.qa.jqueryuimenus.JQUeryUIMenus">
    <ignored/>
  </testcase> <!-- excelFileValidationTest -->
  <testcase name="chooseEnabledTest" time="0.0" classname="capitolis.qa.jqueryuimenus.JQUeryUIMenus">
    <ignored/>
  </testcase> <!-- chooseEnabledTest -->
</testsuite> <!-- FrameTest -->
