<?xml version="1.0" encoding="UTF-8"?>
<!-- Generated by org.testng.reporters.JUnitXMLReporter -->
<testsuite hostname="Rayhans-MBP.fios-router.home" ignored="0" name="SmokeTest" tests="5" failures="0" timestamp="2022-03-08T23:03:03 EST" time="163.734" errors="0">
  <testcase name="checKBoxButtonTest" time="30.355" classname="capitolis.qa.checkbox.CheckBoxes"/>
  <testcase name="checkBox1WithoutSelectTest" time="30.393" classname="capitolis.qa.checkbox.CheckBoxes"/>
  <testcase name="checkBox2WithSelectTest" time="30.364" classname="capitolis.qa.checkbox.CheckBoxes"/>
  <testcase name="checkBox1WithSelectTest" time="30.422" classname="capitolis.qa.checkbox.CheckBoxes"/>
  <testcase name="checkBox2WithoutSelectTest" time="30.409" classname="capitolis.qa.checkbox.CheckBoxes"/>
</testsuite> <!-- SmokeTest -->
