<?xml version="1.0" encoding="UTF-8"?>
<testng-results skipped="0" failed="0" ignored="5" total="6" passed="1">
  <reporter-output>
  </reporter-output>
  <suite name="Suite" duration-ms="11255" started-at="2022-03-13T16:25:26 EDT" finished-at="2022-03-13T16:25:37 EDT">
    <groups>
    </groups>
    <test name="FrameTest" duration-ms="11255" started-at="2022-03-13T16:25:26 EDT" finished-at="2022-03-13T16:25:37 EDT">
      <class name="capitolis.qa.jqueryuimenus.JQUeryUIMenus">
        <test-method status="PASS" signature="setUp(java.lang.String)[pri:0, instance:capitolis.qa.jqueryuimenus.JQUeryUIMenus@17695df3]" name="setUp" is-config="true" duration-ms="4209" started-at="2022-03-13T16:25:26 EDT" finished-at="2022-03-13T16:25:30 EDT">
          <params>
            <param index="0">
              <value>
                <![CDATA[chrome]]>
              </value>
            </param>
          </params>
          <reporter-output>
          </reporter-output>
        </test-method> <!-- setUp -->
        <test-method status="PASS" signature="taxValueTest()[pri:5, instance:capitolis.qa.jqueryuimenus.JQUeryUIMenus@17695df3]" name="taxValueTest" duration-ms="6858" started-at="2022-03-13T16:25:30 EDT" finished-at="2022-03-13T16:25:37 EDT">
          <reporter-output>
          </reporter-output>
        </test-method> <!-- taxValueTest -->
        <test-method status="PASS" signature="quttingBrowser()[pri:0, instance:capitolis.qa.jqueryuimenus.JQUeryUIMenus@17695df3]" name="quttingBrowser" is-config="true" duration-ms="126" started-at="2022-03-13T16:25:37 EDT" finished-at="2022-03-13T16:25:37 EDT">
          <reporter-output>
          </reporter-output>
        </test-method> <!-- quttingBrowser -->
      </class> <!-- capitolis.qa.jqueryuimenus.JQUeryUIMenus -->
    </test> <!-- FrameTest -->
  </suite> <!-- Suite -->
</testng-results>
